<?xml version="1.0" encoding="UTF-8"?>
<!-- Generated by org.testng.reporters.JUnitReportReporter -->
<testsuite hostname="DESKTOP-NIABD6C" failures="0" tests="1" name="com.madeupcompany.OrderCompleteTest" time="27.872" errors="0" timestamp="2023-10-27T12:30:26 IST" skipped="0">
  <testcase classname="com.madeupcompany.OrderCompleteTest" name="endToEndTest" time="27.872"/>
</testsuite> <!-- com.madeupcompany.OrderCompleteTest -->
